0 info it worked if it ends with ok
1 verbose cli [ '/usr/local/bin/node', '/usr/local/bin/npm', 'install' ]
2 info using npm@2.0.0
3 info using node@v0.11.14
4 error install Couldn't read dependencies
5 verbose stack Error: Failed to parse json
5 verbose stack Unexpected end of input
5 verbose stack     at parseError (/usr/local/lib/node_modules/npm/node_modules/read-package-json/read-json.js:378:25)
5 verbose stack     at parseJson (/usr/local/lib/node_modules/npm/node_modules/read-package-json/read-json.js:85:51)
5 verbose stack     at /usr/local/lib/node_modules/npm/node_modules/read-package-json/read-json.js:59:33
5 verbose stack     at evalmachine.<anonymous>:295:14
5 verbose stack     at /usr/local/lib/node_modules/npm/node_modules/graceful-fs/graceful-fs.js:102:5
5 verbose stack     at Object.oncomplete (evalmachine.<anonymous>:93:15)
6 verbose cwd /home/hxce/Desktop/Fractal
7 error Linux 3.13.0-35-generic
8 error argv "/usr/local/bin/node" "/usr/local/bin/npm" "install"
9 error node v0.11.14
10 error npm  v2.0.0
11 error file /home/hxce/Desktop/Fractal/package.json
12 error code EJSONPARSE
13 error Failed to parse json
13 error Unexpected end of input
14 error File: /home/hxce/Desktop/Fractal/package.json
15 error Failed to parse package.json data.
15 error package.json must be actual JSON, not just JavaScript.
15 error
15 error This is not a bug in npm.
15 error Tell the package author to fix their package.json file. JSON.parse
16 verbose exit [ 1, true ]
